Started GET "/" for ::1 at 2019-05-29 19:54:32 -0400
  
ActiveRecord::NoDatabaseError (FATAL:  database "financial_advisor_development" does not exist
):
  
activerecord (5.2.3) lib/active_record/connection_adapters/postgresql_adapter.rb:696:in `rescue in connect'
activerecord (5.2.3) lib/active_record/connection_adapters/postgresql_adapter.rb:691:in `connect'
activerecord (5.2.3) lib/active_record/connection_adapters/postgresql_adapter.rb:223:in `initialize'
activerecord (5.2.3) lib/active_record/connection_adapters/postgresql_adapter.rb:48:in `new'
activerecord (5.2.3) lib/active_record/connection_adapters/postgresql_adapter.rb:48:in `postgresql_connection'
activerecord (5.2.3) lib/active_record/connection_adapters/abstract/connection_pool.rb:811:in `new_connection'
activerecord (5.2.3) lib/active_record/connection_adapters/abstract/connection_pool.rb:855:in `checkout_new_connection'
activerecord (5.2.3) lib/active_record/connection_adapters/abstract/connection_pool.rb:834:in `try_to_checkout_new_connection'
activerecord (5.2.3) lib/active_record/connection_adapters/abstract/connection_pool.rb:795:in `acquire_connection'
activerecord (5.2.3) lib/active_record/connection_adapters/abstract/connection_pool.rb:523:in `checkout'
activerecord (5.2.3) lib/active_record/connection_adapters/abstract/connection_pool.rb:382:in `connection'
activerecord (5.2.3) lib/active_record/connection_adapters/abstract/connection_pool.rb:1014:in `retrieve_connection'
activerecord (5.2.3) lib/active_record/connection_handling.rb:118:in `retrieve_connection'
activerecord (5.2.3) lib/active_record/connection_handling.rb:90:in `connection'
activerecord (5.2.3) lib/active_record/migration.rb:554:in `call'
actionpack (5.2.3) lib/action_dispatch/middleware/callbacks.rb:28:in `block in call'
activesupport (5.2.3) lib/active_support/callbacks.rb:98:in `run_callbacks'
actionpack (5.2.3) lib/action_dispatch/middleware/callbacks.rb:26:in `call'
actionpack (5.2.3) lib/action_dispatch/middleware/executor.rb:14:in `call'
actionpack (5.2.3) lib/action_dispatch/middleware/debug_exceptions.rb:61:in `call'
actionpack (5.2.3) lib/action_dispatch/middleware/show_exceptions.rb:33:in `call'
railties (5.2.3) lib/rails/rack/logger.rb:38:in `call_app'
railties (5.2.3) lib/rails/rack/logger.rb:26:in `block in call'
activesupport (5.2.3) lib/active_support/tagged_logging.rb:71:in `block in tagged'
activesupport (5.2.3) lib/active_support/tagged_logging.rb:28:in `tagged'
activesupport (5.2.3) lib/active_support/tagged_logging.rb:71:in `tagged'
railties (5.2.3) lib/rails/rack/logger.rb:26:in `call'
actionpack (5.2.3) lib/action_dispatch/middleware/remote_ip.rb:81:in `call'
actionpack (5.2.3) lib/action_dispatch/middleware/request_id.rb:27:in `call'
rack (2.0.7) lib/rack/runtime.rb:22:in `call'
activesupport (5.2.3) lib/active_support/cache/strategy/local_cache_middleware.rb:29:in `call'
actionpack (5.2.3) lib/action_dispatch/middleware/executor.rb:14:in `call'
actionpack (5.2.3) lib/action_dispatch/middleware/static.rb:127:in `call'
rack (2.0.7) lib/rack/sendfile.rb:111:in `call'
railties (5.2.3) lib/rails/engine.rb:524:in `call'
puma (3.12.1) lib/puma/configuration.rb:227:in `call'
puma (3.12.1) lib/puma/server.rb:660:in `handle_request'
puma (3.12.1) lib/puma/server.rb:474:in `process_client'
puma (3.12.1) lib/puma/server.rb:334:in `block in run'
puma (3.12.1) lib/puma/thread_pool.rb:135:in `block in spawn_thread'
Started GET "/" for ::1 at 2019-05-29 19:55:04 -0400
  
ActiveRecord::NoDatabaseError (FATAL:  database "financial_advisor_development" does not exist
):
  
activerecord (5.2.3) lib/active_record/connection_adapters/postgresql_adapter.rb:696:in `rescue in connect'
activerecord (5.2.3) lib/active_record/connection_adapters/postgresql_adapter.rb:691:in `connect'
activerecord (5.2.3) lib/active_record/connection_adapters/postgresql_adapter.rb:223:in `initialize'
activerecord (5.2.3) lib/active_record/connection_adapters/postgresql_adapter.rb:48:in `new'
activerecord (5.2.3) lib/active_record/connection_adapters/postgresql_adapter.rb:48:in `postgresql_connection'
activerecord (5.2.3) lib/active_record/connection_adapters/abstract/connection_pool.rb:811:in `new_connection'
activerecord (5.2.3) lib/active_record/connection_adapters/abstract/connection_pool.rb:855:in `checkout_new_connection'
activerecord (5.2.3) lib/active_record/connection_adapters/abstract/connection_pool.rb:834:in `try_to_checkout_new_connection'
activerecord (5.2.3) lib/active_record/connection_adapters/abstract/connection_pool.rb:795:in `acquire_connection'
activerecord (5.2.3) lib/active_record/connection_adapters/abstract/connection_pool.rb:523:in `checkout'
activerecord (5.2.3) lib/active_record/connection_adapters/abstract/connection_pool.rb:382:in `connection'
activerecord (5.2.3) lib/active_record/connection_adapters/abstract/connection_pool.rb:1014:in `retrieve_connection'
activerecord (5.2.3) lib/active_record/connection_handling.rb:118:in `retrieve_connection'
activerecord (5.2.3) lib/active_record/connection_handling.rb:90:in `connection'
activerecord (5.2.3) lib/active_record/migration.rb:554:in `call'
actionpack (5.2.3) lib/action_dispatch/middleware/callbacks.rb:28:in `block in call'
activesupport (5.2.3) lib/active_support/callbacks.rb:98:in `run_callbacks'
actionpack (5.2.3) lib/action_dispatch/middleware/callbacks.rb:26:in `call'
actionpack (5.2.3) lib/action_dispatch/middleware/executor.rb:14:in `call'
actionpack (5.2.3) lib/action_dispatch/middleware/debug_exceptions.rb:61:in `call'
actionpack (5.2.3) lib/action_dispatch/middleware/show_exceptions.rb:33:in `call'
railties (5.2.3) lib/rails/rack/logger.rb:38:in `call_app'
railties (5.2.3) lib/rails/rack/logger.rb:26:in `block in call'
activesupport (5.2.3) lib/active_support/tagged_logging.rb:71:in `block in tagged'
activesupport (5.2.3) lib/active_support/tagged_logging.rb:28:in `tagged'
activesupport (5.2.3) lib/active_support/tagged_logging.rb:71:in `tagged'
railties (5.2.3) lib/rails/rack/logger.rb:26:in `call'
actionpack (5.2.3) lib/action_dispatch/middleware/remote_ip.rb:81:in `call'
actionpack (5.2.3) lib/action_dispatch/middleware/request_id.rb:27:in `call'
rack (2.0.7) lib/rack/runtime.rb:22:in `call'
activesupport (5.2.3) lib/active_support/cache/strategy/local_cache_middleware.rb:29:in `call'
actionpack (5.2.3) lib/action_dispatch/middleware/executor.rb:14:in `call'
actionpack (5.2.3) lib/action_dispatch/middleware/static.rb:127:in `call'
rack (2.0.7) lib/rack/sendfile.rb:111:in `call'
railties (5.2.3) lib/rails/engine.rb:524:in `call'
puma (3.12.1) lib/puma/configuration.rb:227:in `call'
puma (3.12.1) lib/puma/server.rb:660:in `handle_request'
puma (3.12.1) lib/puma/server.rb:474:in `process_client'
puma (3.12.1) lib/puma/server.rb:334:in `block in run'
puma (3.12.1) lib/puma/thread_pool.rb:135:in `block in spawn_thread'
  [1m[35m (808.9ms)[0m  [1m[35mCREATE DATABASE "financial_advisor_development" ENCODING = 'unicode'[0m
  ↳ bin/rails:9
  [1m[35m (687.4ms)[0m  [1m[35mCREATE DATABASE "financial_advisor_test" ENCODING = 'unicode'[0m
  ↳ bin/rails:9
Started GET "/" for ::1 at 2019-05-29 19:55:36 -0400
Processing by Rails::WelcomeController#index as HTML
  Rendering /Users/student_139/.rbenv/versions/2.6.3/lib/ruby/gems/2.6.0/gems/railties-5.2.3/lib/rails/templates/rails/welcome/index.html.erb
  Rendered /Users/student_139/.rbenv/versions/2.6.3/lib/ruby/gems/2.6.0/gems/railties-5.2.3/lib/rails/templates/rails/welcome/index.html.erb (4.1ms)
Completed 200 OK in 12ms (Views: 6.7ms | ActiveRecord: 0.0ms)


Started GET "/favicon.ico" for ::1 at 2019-05-29 19:55:36 -0400
  
ActionController::RoutingError (No route matches [GET] "/favicon.ico"):
  
actionpack (5.2.3) lib/action_dispatch/middleware/debug_exceptions.rb:65:in `call'
actionpack (5.2.3) lib/action_dispatch/middleware/show_exceptions.rb:33:in `call'
railties (5.2.3) lib/rails/rack/logger.rb:38:in `call_app'
railties (5.2.3) lib/rails/rack/logger.rb:26:in `block in call'
activesupport (5.2.3) lib/active_support/tagged_logging.rb:71:in `block in tagged'
activesupport (5.2.3) lib/active_support/tagged_logging.rb:28:in `tagged'
activesupport (5.2.3) lib/active_support/tagged_logging.rb:71:in `tagged'
railties (5.2.3) lib/rails/rack/logger.rb:26:in `call'
actionpack (5.2.3) lib/action_dispatch/middleware/remote_ip.rb:81:in `call'
actionpack (5.2.3) lib/action_dispatch/middleware/request_id.rb:27:in `call'
rack (2.0.7) lib/rack/runtime.rb:22:in `call'
activesupport (5.2.3) lib/active_support/cache/strategy/local_cache_middleware.rb:29:in `call'
actionpack (5.2.3) lib/action_dispatch/middleware/executor.rb:14:in `call'
actionpack (5.2.3) lib/action_dispatch/middleware/static.rb:127:in `call'
rack (2.0.7) lib/rack/sendfile.rb:111:in `call'
railties (5.2.3) lib/rails/engine.rb:524:in `call'
puma (3.12.1) lib/puma/configuration.rb:227:in `call'
puma (3.12.1) lib/puma/server.rb:660:in `handle_request'
puma (3.12.1) lib/puma/server.rb:474:in `process_client'
puma (3.12.1) lib/puma/server.rb:334:in `block in run'
puma (3.12.1) lib/puma/thread_pool.rb:135:in `block in spawn_thread'
Started GET "/" for ::1 at 2019-05-29 22:11:32 -0400
Processing by Rails::WelcomeController#index as HTML
  Rendering /Users/student_139/.rbenv/versions/2.6.3/lib/ruby/gems/2.6.0/gems/railties-5.2.3/lib/rails/templates/rails/welcome/index.html.erb
  Rendered /Users/student_139/.rbenv/versions/2.6.3/lib/ruby/gems/2.6.0/gems/railties-5.2.3/lib/rails/templates/rails/welcome/index.html.erb (24.7ms)
Completed 200 OK in 49ms (Views: 37.4ms | ActiveRecord: 0.0ms)


Started GET "/" for ::1 at 2019-05-30 14:00:02 -0400
Processing by Rails::WelcomeController#index as HTML
  Rendering /Users/student_139/.rbenv/versions/2.6.3/lib/ruby/gems/2.6.0/gems/railties-5.2.3/lib/rails/templates/rails/welcome/index.html.erb
  Rendered /Users/student_139/.rbenv/versions/2.6.3/lib/ruby/gems/2.6.0/gems/railties-5.2.3/lib/rails/templates/rails/welcome/index.html.erb (36.1ms)
Completed 200 OK in 66ms (Views: 51.4ms | ActiveRecord: 0.0ms)


Started GET "/login" for ::1 at 2019-05-30 14:00:10 -0400
  
ActionController::RoutingError (No route matches [GET] "/login"):
  
actionpack (5.2.3) lib/action_dispatch/middleware/debug_exceptions.rb:65:in `call'
actionpack (5.2.3) lib/action_dispatch/middleware/show_exceptions.rb:33:in `call'
railties (5.2.3) lib/rails/rack/logger.rb:38:in `call_app'
railties (5.2.3) lib/rails/rack/logger.rb:26:in `block in call'
activesupport (5.2.3) lib/active_support/tagged_logging.rb:71:in `block in tagged'
activesupport (5.2.3) lib/active_support/tagged_logging.rb:28:in `tagged'
activesupport (5.2.3) lib/active_support/tagged_logging.rb:71:in `tagged'
railties (5.2.3) lib/rails/rack/logger.rb:26:in `call'
actionpack (5.2.3) lib/action_dispatch/middleware/remote_ip.rb:81:in `call'
actionpack (5.2.3) lib/action_dispatch/middleware/request_id.rb:27:in `call'
rack (2.0.7) lib/rack/runtime.rb:22:in `call'
activesupport (5.2.3) lib/active_support/cache/strategy/local_cache_middleware.rb:29:in `call'
actionpack (5.2.3) lib/action_dispatch/middleware/executor.rb:14:in `call'
actionpack (5.2.3) lib/action_dispatch/middleware/static.rb:127:in `call'
rack (2.0.7) lib/rack/sendfile.rb:111:in `call'
railties (5.2.3) lib/rails/engine.rb:524:in `call'
puma (3.12.1) lib/puma/configuration.rb:227:in `call'
puma (3.12.1) lib/puma/server.rb:660:in `handle_request'
puma (3.12.1) lib/puma/server.rb:474:in `process_client'
puma (3.12.1) lib/puma/server.rb:334:in `block in run'
puma (3.12.1) lib/puma/thread_pool.rb:135:in `block in spawn_thread'
  [1m[35m (76.6ms)[0m  [1m[35mCREATE DATABASE "financial_advisor_development" ENCODING = 'unicode'[0m
  ↳ bin/rails:9
  [1m[35m (3.2ms)[0m  [1m[35mCREATE DATABASE "financial_advisor_test" ENCODING = 'unicode'[0m
  ↳ bin/rails:9
  [1m[35m (2303.2ms)[0m  [1m[35mCREATE TABLE "schema_migrations" ("version" character varying NOT NULL PRIMARY KEY)[0m
  ↳ bin/rails:9
  [1m[35m (477.7ms)[0m  [1m[35mCREATE TABLE "ar_internal_metadata" ("key" character varying NOT NULL PRIMARY KEY, "value" character varying, "created_at" timestamp NOT NULL, "updated_at" timestamp NOT NULL)[0m
  ↳ bin/rails:9
  [1m[35m (82.5ms)[0m  [1m[34mSELECT pg_try_advisory_lock(7602566876169622980)[0m
  ↳ bin/rails:9
  [1m[35m (1.0ms)[0m  [1m[34mSELECT "schema_migrations"."version" FROM "schema_migrations" ORDER BY "schema_migrations"."version" ASC[0m
  ↳ bin/rails:9
Migrating to CreateUsers (20190530182740)
  [1m[35m (0.4ms)[0m  [1m[35mBEGIN[0m
  ↳ bin/rails:9
  [1m[35m (325.3ms)[0m  [1m[35mCREATE TABLE "users" ("id" bigserial primary key, "username" character varying, "email" character varying, "password_digest" character varying, "created_at" timestamp NOT NULL, "updated_at" timestamp NOT NULL)[0m
  ↳ db/migrate/20190530182740_create_users.rb:3
  [1m[36mActiveRecord::SchemaMigration Create (0.7ms)[0m  [1m[32mINSERT INTO "schema_migrations" ("version") VALUES ($1) RETURNING "version"[0m  [["version", "20190530182740"]]
  ↳ bin/rails:9
  [1m[35m (2.2ms)[0m  [1m[35mCOMMIT[0m
  ↳ bin/rails:9
  [1m[36mActiveRecord::InternalMetadata Load (1.0ms)[0m  [1m[34mSELECT  "ar_internal_metadata".* FROM "ar_internal_metadata" WHERE "ar_internal_metadata"."key" = $1 LIMIT $2[0m  [["key", "environment"], ["LIMIT", 1]]
  ↳ bin/rails:9
  [1m[35m (0.3ms)[0m  [1m[35mBEGIN[0m
  ↳ bin/rails:9
  [1m[36mActiveRecord::InternalMetadata Create (0.6ms)[0m  [1m[32mINSERT INTO "ar_internal_metadata" ("key", "value", "created_at", "updated_at") VALUES ($1, $2, $3, $4) RETURNING "key"[0m  [["key", "environment"], ["value", "development"], ["created_at", "2019-05-30 18:34:05.241637"], ["updated_at", "2019-05-30 18:34:05.241637"]]
  ↳ bin/rails:9
  [1m[35m (2.3ms)[0m  [1m[35mCOMMIT[0m
  ↳ bin/rails:9
  [1m[35m (0.3ms)[0m  [1m[34mSELECT pg_advisory_unlock(7602566876169622980)[0m
  ↳ bin/rails:9
  [1m[35m (0.3ms)[0m  [1m[34mSELECT "schema_migrations"."version" FROM "schema_migrations" ORDER BY "schema_migrations"."version" ASC[0m
  ↳ bin/rails:9
  [1m[35m (0.4ms)[0m  [1m[34mSELECT pg_try_advisory_lock(7602566876169622980)[0m
  ↳ bin/rails:9
  [1m[35m (1.1ms)[0m  [1m[34mSELECT "schema_migrations"."version" FROM "schema_migrations" ORDER BY "schema_migrations"."version" ASC[0m
  ↳ bin/rails:9
Migrating to AddIndexToUsersEmail (20190530183432)
  [1m[35m (0.3ms)[0m  [1m[35mBEGIN[0m
  ↳ bin/rails:9
  [1m[35m (7.2ms)[0m  [1m[35mCREATE UNIQUE INDEX  "index_users_on_email" ON "users"  ("email")[0m
  ↳ db/migrate/20190530183432_add_index_to_users_email.rb:3
  [1m[36mActiveRecord::SchemaMigration Create (0.6ms)[0m  [1m[32mINSERT INTO "schema_migrations" ("version") VALUES ($1) RETURNING "version"[0m  [["version", "20190530183432"]]
  ↳ bin/rails:9
  [1m[35m (2.5ms)[0m  [1m[35mCOMMIT[0m
  ↳ bin/rails:9
  [1m[36mActiveRecord::InternalMetadata Load (0.7ms)[0m  [1m[34mSELECT  "ar_internal_metadata".* FROM "ar_internal_metadata" WHERE "ar_internal_metadata"."key" = $1 LIMIT $2[0m  [["key", "environment"], ["LIMIT", 1]]
  ↳ bin/rails:9
  [1m[35m (0.4ms)[0m  [1m[35mBEGIN[0m
  ↳ bin/rails:9
  [1m[35m (0.5ms)[0m  [1m[35mCOMMIT[0m
  ↳ bin/rails:9
  [1m[35m (0.4ms)[0m  [1m[34mSELECT pg_advisory_unlock(7602566876169622980)[0m
  ↳ bin/rails:9
  [1m[35m (0.5ms)[0m  [1m[34mSELECT "schema_migrations"."version" FROM "schema_migrations" ORDER BY "schema_migrations"."version" ASC[0m
  ↳ bin/rails:9
  [1m[35m (0.4ms)[0m  [1m[34mSELECT pg_try_advisory_lock(7602566876169622980)[0m
  ↳ bin/rails:9
  [1m[35m (193.7ms)[0m  [1m[34mSELECT "schema_migrations"."version" FROM "schema_migrations" ORDER BY "schema_migrations"."version" ASC[0m
  ↳ bin/rails:9
  [1m[36mActiveRecord::InternalMetadata Load (4.2ms)[0m  [1m[34mSELECT  "ar_internal_metadata".* FROM "ar_internal_metadata" WHERE "ar_internal_metadata"."key" = $1 LIMIT $2[0m  [["key", "environment"], ["LIMIT", 1]]
  ↳ bin/rails:9
  [1m[35m (0.4ms)[0m  [1m[35mBEGIN[0m
  ↳ bin/rails:9
  [1m[35m (0.3ms)[0m  [1m[35mCOMMIT[0m
  ↳ bin/rails:9
  [1m[35m (0.4ms)[0m  [1m[34mSELECT pg_advisory_unlock(7602566876169622980)[0m
  ↳ bin/rails:9
  [1m[35m (0.5ms)[0m  [1m[34mSELECT "schema_migrations"."version" FROM "schema_migrations" ORDER BY "schema_migrations"."version" ASC[0m
  ↳ bin/rails:9
Started GET "/" for ::1 at 2019-05-30 21:16:28 -0400
  [1m[35m (4.2ms)[0m  [1m[34mSELECT "schema_migrations"."version" FROM "schema_migrations" ORDER BY "schema_migrations"."version" ASC[0m
  ↳ /Users/student_139/.rbenv/versions/2.6.3/lib/ruby/gems/2.6.0/gems/activerecord-5.2.3/lib/active_record/log_subscriber.rb:98
Processing by Rails::WelcomeController#index as HTML
  Rendering /Users/student_139/.rbenv/versions/2.6.3/lib/ruby/gems/2.6.0/gems/railties-5.2.3/lib/rails/templates/rails/welcome/index.html.erb
  Rendered /Users/student_139/.rbenv/versions/2.6.3/lib/ruby/gems/2.6.0/gems/railties-5.2.3/lib/rails/templates/rails/welcome/index.html.erb (8.6ms)
Completed 200 OK in 34ms (Views: 24.7ms | ActiveRecord: 0.0ms)


  [1m[35m (0.6ms)[0m  [1m[34mSELECT pg_try_advisory_lock(7602566876169622980)[0m
  ↳ bin/rails:9
  [1m[35m (2.0ms)[0m  [1m[34mSELECT "schema_migrations"."version" FROM "schema_migrations" ORDER BY "schema_migrations"."version" ASC[0m
  ↳ bin/rails:9
  [1m[36mActiveRecord::InternalMetadata Load (5.6ms)[0m  [1m[34mSELECT  "ar_internal_metadata".* FROM "ar_internal_metadata" WHERE "ar_internal_metadata"."key" = $1 LIMIT $2[0m  [["key", "environment"], ["LIMIT", 1]]
  ↳ bin/rails:9
  [1m[35m (1.7ms)[0m  [1m[35mBEGIN[0m
  ↳ bin/rails:9
  [1m[35m (3.8ms)[0m  [1m[35mCOMMIT[0m
  ↳ bin/rails:9
  [1m[35m (1.2ms)[0m  [1m[34mSELECT pg_advisory_unlock(7602566876169622980)[0m
  ↳ bin/rails:9
  [1m[35m (1.7ms)[0m  [1m[34mSELECT "schema_migrations"."version" FROM "schema_migrations" ORDER BY "schema_migrations"."version" ASC[0m
  ↳ bin/rails:9
  [1m[35m (5.5ms)[0m  [1m[34mSELECT pg_try_advisory_lock(7602566876169622980)[0m
  ↳ bin/rails:9
  [1m[35m (6.1ms)[0m  [1m[34mSELECT "schema_migrations"."version" FROM "schema_migrations" ORDER BY "schema_migrations"."version" ASC[0m
  ↳ bin/rails:9
  [1m[36mActiveRecord::InternalMetadata Load (13.6ms)[0m  [1m[34mSELECT  "ar_internal_metadata".* FROM "ar_internal_metadata" WHERE "ar_internal_metadata"."key" = $1 LIMIT $2[0m  [["key", "environment"], ["LIMIT", 1]]
  ↳ bin/rails:9
  [1m[35m (1.6ms)[0m  [1m[35mBEGIN[0m
  ↳ bin/rails:9
  [1m[35m (0.2ms)[0m  [1m[35mCOMMIT[0m
  ↳ bin/rails:9
  [1m[35m (1.4ms)[0m  [1m[34mSELECT pg_advisory_unlock(7602566876169622980)[0m
  ↳ bin/rails:9
  [1m[35m (1.3ms)[0m  [1m[34mSELECT "schema_migrations"."version" FROM "schema_migrations" ORDER BY "schema_migrations"."version" ASC[0m
  ↳ bin/rails:9
Started POST "/" for ::1 at 2019-05-30 21:36:01 -0400
  
ActionController::RoutingError (No route matches [POST] "/"):
  
actionpack (5.2.3) lib/action_dispatch/middleware/debug_exceptions.rb:65:in `call'
actionpack (5.2.3) lib/action_dispatch/middleware/show_exceptions.rb:33:in `call'
railties (5.2.3) lib/rails/rack/logger.rb:38:in `call_app'
railties (5.2.3) lib/rails/rack/logger.rb:26:in `block in call'
activesupport (5.2.3) lib/active_support/tagged_logging.rb:71:in `block in tagged'
activesupport (5.2.3) lib/active_support/tagged_logging.rb:28:in `tagged'
activesupport (5.2.3) lib/active_support/tagged_logging.rb:71:in `tagged'
railties (5.2.3) lib/rails/rack/logger.rb:26:in `call'
actionpack (5.2.3) lib/action_dispatch/middleware/remote_ip.rb:81:in `call'
actionpack (5.2.3) lib/action_dispatch/middleware/request_id.rb:27:in `call'
rack (2.0.7) lib/rack/runtime.rb:22:in `call'
activesupport (5.2.3) lib/active_support/cache/strategy/local_cache_middleware.rb:29:in `call'
actionpack (5.2.3) lib/action_dispatch/middleware/executor.rb:14:in `call'
actionpack (5.2.3) lib/action_dispatch/middleware/static.rb:127:in `call'
rack (2.0.7) lib/rack/sendfile.rb:111:in `call'
railties (5.2.3) lib/rails/engine.rb:524:in `call'
puma (3.12.1) lib/puma/configuration.rb:227:in `call'
puma (3.12.1) lib/puma/server.rb:660:in `handle_request'
puma (3.12.1) lib/puma/server.rb:474:in `process_client'
puma (3.12.1) lib/puma/server.rb:334:in `block in run'
puma (3.12.1) lib/puma/thread_pool.rb:135:in `block in spawn_thread'
Started POST "/users" for ::1 at 2019-05-30 21:36:08 -0400
Processing by UsersController#create as */*
  Parameters: {"user"=>{"password"=>"[FILTERED]", "password_confirmation"=>"[FILTERED]", "username"=>"sobaka", "email"=>"sobaka.geller@hotmail.com"}}
  [1m[35m (1.0ms)[0m  [1m[35mBEGIN[0m
  ↳ app/controllers/users_controller.rb:14
  [1m[36mUser Exists (11.9ms)[0m  [1m[34mSELECT  1 AS one FROM "users" WHERE "users"."email" = $1 LIMIT $2[0m  [["email", "sobaka.geller@hotmail.com"], ["LIMIT", 1]]
  ↳ app/controllers/users_controller.rb:14
  [1m[36mUser Create (7.7ms)[0m  [1m[32mINSERT INTO "users" ("username", "email", "password_digest", "created_at", "updated_at") VALUES ($1, $2, $3, $4, $5) RETURNING "id"[0m  [["username", "sobaka"], ["email", "sobaka.geller@hotmail.com"], ["password_digest", "$2a$10$4dDeXVN2K6.vQ.Z2ai29nudSxMkCPKG9.UvENGgw48QH93LhKNeE."], ["created_at", "2019-05-31 01:36:08.591849"], ["updated_at", "2019-05-31 01:36:08.591849"]]
  ↳ app/controllers/users_controller.rb:14
  [1m[35m (4.1ms)[0m  [1m[35mCOMMIT[0m
  ↳ app/controllers/users_controller.rb:14
Completed 500 Internal Server Error in 550ms (ActiveRecord: 112.9ms)


  
NoMethodError (undefined method `login' for #<UsersController:0x00007ff348882258>):
  
app/controllers/users_controller.rb:15:in `create'
Started POST "/users" for ::1 at 2019-05-30 21:37:10 -0400
Processing by UsersController#create as */*
  Parameters: {"user"=>{"password"=>"[FILTERED]", "password_confirmation"=>"[FILTERED]", "username"=>"sobaka", "email"=>"sobaka.geller@hotmail.com"}}
  [1m[35m (1.1ms)[0m  [1m[35mBEGIN[0m
  ↳ app/controllers/users_controller.rb:14
  [1m[36mUser Exists (1.3ms)[0m  [1m[34mSELECT  1 AS one FROM "users" WHERE "users"."email" = $1 LIMIT $2[0m  [["email", "sobaka.geller@hotmail.com"], ["LIMIT", 1]]
  ↳ app/controllers/users_controller.rb:14
  [1m[35m (1.2ms)[0m  [1m[31mROLLBACK[0m
  ↳ app/controllers/users_controller.rb:14
Completed 422 Unprocessable Entity in 271ms (Views: 0.3ms | ActiveRecord: 3.5ms)


Started POST "/users" for ::1 at 2019-05-30 21:41:31 -0400
Processing by UsersController#create as */*
  Parameters: {"user"=>{"password"=>"[FILTERED]", "password_confirmation"=>"[FILTERED]", "username"=>"sobaka", "email"=>"example.geller@hotmail.com"}}
  [1m[35m (0.4ms)[0m  [1m[35mBEGIN[0m
  ↳ app/controllers/users_controller.rb:14
  [1m[36mUser Exists (0.8ms)[0m  [1m[34mSELECT  1 AS one FROM "users" WHERE "users"."email" = $1 LIMIT $2[0m  [["email", "example.geller@hotmail.com"], ["LIMIT", 1]]
  ↳ app/controllers/users_controller.rb:14
  [1m[36mUser Create (0.9ms)[0m  [1m[32mINSERT INTO "users" ("username", "email", "password_digest", "created_at", "updated_at") VALUES ($1, $2, $3, $4, $5) RETURNING "id"[0m  [["username", "sobaka"], ["email", "example.geller@hotmail.com"], ["password_digest", "$2a$10$fjoUxAFNQwEQAFg9qaJNReFYdtS21FTF5oRaNAFcgmJMthHQFExFG"], ["created_at", "2019-05-31 01:41:31.369864"], ["updated_at", "2019-05-31 01:41:31.369864"]]
  ↳ app/controllers/users_controller.rb:14
  [1m[35m (41.4ms)[0m  [1m[35mCOMMIT[0m
  ↳ app/controllers/users_controller.rb:14
Completed 500 Internal Server Error in 421ms (ActiveRecord: 43.6ms)


  
NoMethodError (undefined method `login' for #<UsersController:0x00007ff348429468>):
  
app/controllers/users_controller.rb:15:in `create'
Started POST "/users" for ::1 at 2019-05-30 21:42:27 -0400
Processing by UsersController#create as */*
  Parameters: {"user"=>{"password"=>"[FILTERED]", "password_confirmation"=>"[FILTERED]", "username"=>"sobaka", "email"=>"test.geller@hotmail.com"}}
  [1m[35m (0.9ms)[0m  [1m[35mBEGIN[0m
  ↳ app/controllers/users_controller.rb:14
  [1m[36mUser Exists (0.9ms)[0m  [1m[34mSELECT  1 AS one FROM "users" WHERE "users"."email" = $1 LIMIT $2[0m  [["email", "test.geller@hotmail.com"], ["LIMIT", 1]]
  ↳ app/controllers/users_controller.rb:14
  [1m[36mUser Create (0.7ms)[0m  [1m[32mINSERT INTO "users" ("username", "email", "password_digest", "created_at", "updated_at") VALUES ($1, $2, $3, $4, $5) RETURNING "id"[0m  [["username", "sobaka"], ["email", "test.geller@hotmail.com"], ["password_digest", "$2a$10$vanZ5DevRJroGSP0agwLce.c40fPnWeoA5Nu9tXJWODcaFJuwGw4a"], ["created_at", "2019-05-31 01:42:27.540376"], ["updated_at", "2019-05-31 01:42:27.540376"]]
  ↳ app/controllers/users_controller.rb:14
  [1m[35m (4.6ms)[0m  [1m[35mCOMMIT[0m
  ↳ app/controllers/users_controller.rb:14
Completed 201 Created in 358ms (Views: 3.9ms | ActiveRecord: 20.4ms)


Started OPTIONS "/users/" for ::1 at 2019-05-31 00:07:33 -0400
  
ActionController::RoutingError (No route matches [OPTIONS] "/users"):
  
actionpack (5.2.3) lib/action_dispatch/middleware/debug_exceptions.rb:65:in `call'
actionpack (5.2.3) lib/action_dispatch/middleware/show_exceptions.rb:33:in `call'
railties (5.2.3) lib/rails/rack/logger.rb:38:in `call_app'
railties (5.2.3) lib/rails/rack/logger.rb:26:in `block in call'
activesupport (5.2.3) lib/active_support/tagged_logging.rb:71:in `block in tagged'
activesupport (5.2.3) lib/active_support/tagged_logging.rb:28:in `tagged'
activesupport (5.2.3) lib/active_support/tagged_logging.rb:71:in `tagged'
railties (5.2.3) lib/rails/rack/logger.rb:26:in `call'
actionpack (5.2.3) lib/action_dispatch/middleware/remote_ip.rb:81:in `call'
actionpack (5.2.3) lib/action_dispatch/middleware/request_id.rb:27:in `call'
rack (2.0.7) lib/rack/runtime.rb:22:in `call'
activesupport (5.2.3) lib/active_support/cache/strategy/local_cache_middleware.rb:29:in `call'
actionpack (5.2.3) lib/action_dispatch/middleware/executor.rb:14:in `call'
actionpack (5.2.3) lib/action_dispatch/middleware/static.rb:127:in `call'
rack (2.0.7) lib/rack/sendfile.rb:111:in `call'
railties (5.2.3) lib/rails/engine.rb:524:in `call'
puma (3.12.1) lib/puma/configuration.rb:227:in `call'
puma (3.12.1) lib/puma/server.rb:660:in `handle_request'
puma (3.12.1) lib/puma/server.rb:474:in `process_client'
puma (3.12.1) lib/puma/server.rb:334:in `block in run'
puma (3.12.1) lib/puma/thread_pool.rb:135:in `block in spawn_thread'
Started OPTIONS "/users/" for ::1 at 2019-05-31 00:11:03 -0400
  
ActionController::RoutingError (No route matches [OPTIONS] "/users"):
  
actionpack (5.2.3) lib/action_dispatch/middleware/debug_exceptions.rb:65:in `call'
actionpack (5.2.3) lib/action_dispatch/middleware/show_exceptions.rb:33:in `call'
railties (5.2.3) lib/rails/rack/logger.rb:38:in `call_app'
railties (5.2.3) lib/rails/rack/logger.rb:26:in `block in call'
activesupport (5.2.3) lib/active_support/tagged_logging.rb:71:in `block in tagged'
activesupport (5.2.3) lib/active_support/tagged_logging.rb:28:in `tagged'
activesupport (5.2.3) lib/active_support/tagged_logging.rb:71:in `tagged'
railties (5.2.3) lib/rails/rack/logger.rb:26:in `call'
actionpack (5.2.3) lib/action_dispatch/middleware/remote_ip.rb:81:in `call'
actionpack (5.2.3) lib/action_dispatch/middleware/request_id.rb:27:in `call'
rack (2.0.7) lib/rack/runtime.rb:22:in `call'
activesupport (5.2.3) lib/active_support/cache/strategy/local_cache_middleware.rb:29:in `call'
actionpack (5.2.3) lib/action_dispatch/middleware/executor.rb:14:in `call'
actionpack (5.2.3) lib/action_dispatch/middleware/static.rb:127:in `call'
rack (2.0.7) lib/rack/sendfile.rb:111:in `call'
railties (5.2.3) lib/rails/engine.rb:524:in `call'
puma (3.12.1) lib/puma/configuration.rb:227:in `call'
puma (3.12.1) lib/puma/server.rb:660:in `handle_request'
puma (3.12.1) lib/puma/server.rb:474:in `process_client'
puma (3.12.1) lib/puma/server.rb:334:in `block in run'
puma (3.12.1) lib/puma/thread_pool.rb:135:in `block in spawn_thread'
Started OPTIONS "/users/" for ::1 at 2019-05-31 00:11:36 -0400
  [1m[35m (50.3ms)[0m  [1m[34mSELECT "schema_migrations"."version" FROM "schema_migrations" ORDER BY "schema_migrations"."version" ASC[0m
  ↳ /Users/student_139/.rbenv/versions/2.6.3/lib/ruby/gems/2.6.0/gems/activerecord-5.2.3/lib/active_record/log_subscriber.rb:98
Started POST "/users/" for ::1 at 2019-05-31 00:11:36 -0400
Processing by UsersController#create as HTML
  Parameters: {"user"=>{"email"=>"samanduyev@gmail.com", "password"=>"[FILTERED]", "username"=>"Samanduyev"}}
  [1m[35m (0.2ms)[0m  [1m[35mBEGIN[0m
  ↳ app/controllers/users_controller.rb:22
  [1m[36mUser Exists (0.8ms)[0m  [1m[34mSELECT  1 AS one FROM "users" WHERE "users"."email" = $1 LIMIT $2[0m  [["email", "samanduyev@gmail.com"], ["LIMIT", 1]]
  ↳ app/controllers/users_controller.rb:22
  [1m[36mUser Create (46.7ms)[0m  [1m[32mINSERT INTO "users" ("username", "email", "password_digest", "created_at", "updated_at") VALUES ($1, $2, $3, $4, $5) RETURNING "id"[0m  [["username", "Samanduyev"], ["email", "samanduyev@gmail.com"], ["password_digest", "$2a$10$hQ3ea1o8VaDFeia3YxF7ruUbmxtO.FwnIX5DutsWZ7ugesIyVob/u"], ["created_at", "2019-05-31 04:11:37.156997"], ["updated_at", "2019-05-31 04:11:37.156997"]]
  ↳ app/controllers/users_controller.rb:22
  [1m[35m (4.4ms)[0m  [1m[35mCOMMIT[0m
  ↳ app/controllers/users_controller.rb:22
Completed 500 Internal Server Error in 253ms (ActiveRecord: 61.2ms)


  
NoMethodError (undefined method `login' for #<UsersController:0x00007fe046161ad8>):
  
app/controllers/users_controller.rb:23:in `create'
Started POST "/users/" for ::1 at 2019-05-31 00:12:43 -0400
Processing by UsersController#create as HTML
  Parameters: {"user"=>{"email"=>"test@gmail.com", "password"=>"[FILTERED]", "username"=>"Test"}}
  [1m[35m (0.3ms)[0m  [1m[35mBEGIN[0m
  ↳ app/controllers/users_controller.rb:22
  [1m[36mUser Exists (0.4ms)[0m  [1m[34mSELECT  1 AS one FROM "users" WHERE "users"."email" = $1 LIMIT $2[0m  [["email", "test@gmail.com"], ["LIMIT", 1]]
  ↳ app/controllers/users_controller.rb:22
  [1m[36mUser Create (0.4ms)[0m  [1m[32mINSERT INTO "users" ("username", "email", "password_digest", "created_at", "updated_at") VALUES ($1, $2, $3, $4, $5) RETURNING "id"[0m  [["username", "Test"], ["email", "test@gmail.com"], ["password_digest", "$2a$10$RLaUBlomnDykvf7znw/GIua/rzxMsPRtWjhvxlCAUjn36goRGt9rK"], ["created_at", "2019-05-31 04:12:44.014046"], ["updated_at", "2019-05-31 04:12:44.014046"]]
  ↳ app/controllers/users_controller.rb:22
  [1m[35m (2.1ms)[0m  [1m[35mCOMMIT[0m
  ↳ app/controllers/users_controller.rb:22
Completed 201 Created in 104ms (Views: 3.9ms | ActiveRecord: 15.1ms)


Started POST "/users/" for ::1 at 2019-05-31 00:13:33 -0400
Processing by UsersController#create as HTML
  Parameters: {"user"=>{"email"=>"test@gmail.com", "password"=>"[FILTERED]", "username"=>"Test"}}
  [1m[35m (0.2ms)[0m  [1m[35mBEGIN[0m
  ↳ app/controllers/users_controller.rb:22
  [1m[36mUser Exists (0.4ms)[0m  [1m[34mSELECT  1 AS one FROM "users" WHERE "users"."email" = $1 LIMIT $2[0m  [["email", "test@gmail.com"], ["LIMIT", 1]]
  ↳ app/controllers/users_controller.rb:22
  [1m[35m (0.3ms)[0m  [1m[31mROLLBACK[0m
  ↳ app/controllers/users_controller.rb:22
Completed 422 Unprocessable Entity in 99ms (Views: 0.3ms | ActiveRecord: 0.9ms)


Started OPTIONS "/auth/login" for ::1 at 2019-05-31 00:25:33 -0400
Started POST "/auth/login" for ::1 at 2019-05-31 00:25:33 -0400
Processing by AuthenticationController#login as HTML
  Parameters: {"username"=>"Fahad OG", "password"=>"[FILTERED]", "authentication"=>{"username"=>"Fahad OG", "password"=>"[FILTERED]"}}
  [1m[36mUser Load (0.8ms)[0m  [1m[34mSELECT  "users".* FROM "users" WHERE "users"."username" = $1 LIMIT $2[0m  [["username", "Fahad OG"], ["LIMIT", 1]]
  ↳ app/controllers/authentication_controller.rb:5
Completed 500 Internal Server Error in 12ms (ActiveRecord: 1.4ms)


  
NoMethodError (undefined method `authenticate' for nil:NilClass):
  
app/controllers/authentication_controller.rb:6:in `login'
Started OPTIONS "/users/" for ::1 at 2019-05-31 00:26:09 -0400
Started POST "/users/" for ::1 at 2019-05-31 00:26:09 -0400
Processing by UsersController#create as HTML
  Parameters: {"user"=>{"email"=>"svs.perscholas@gmail.com", "password"=>"[FILTERED]", "username"=>"Fahad OG"}}
  [1m[35m (0.2ms)[0m  [1m[35mBEGIN[0m
  ↳ app/controllers/users_controller.rb:22
  [1m[36mUser Exists (0.4ms)[0m  [1m[34mSELECT  1 AS one FROM "users" WHERE "users"."email" = $1 LIMIT $2[0m  [["email", "svs.perscholas@gmail.com"], ["LIMIT", 1]]
  ↳ app/controllers/users_controller.rb:22
  [1m[36mUser Create (3.3ms)[0m  [1m[32mINSERT INTO "users" ("username", "email", "password_digest", "created_at", "updated_at") VALUES ($1, $2, $3, $4, $5) RETURNING "id"[0m  [["username", "Fahad OG"], ["email", "svs.perscholas@gmail.com"], ["password_digest", "$2a$10$9SREUSeZWYSPjPrIpCO8COpsHMbMTvVM2UC9z1.ejosgNtbEjXSHC"], ["created_at", "2019-05-31 04:26:09.465135"], ["updated_at", "2019-05-31 04:26:09.465135"]]
  ↳ app/controllers/users_controller.rb:22
  [1m[35m (4.2ms)[0m  [1m[35mCOMMIT[0m
  ↳ app/controllers/users_controller.rb:22
Completed 201 Created in 86ms (Views: 1.3ms | ActiveRecord: 8.2ms)


Started POST "/auth/login" for ::1 at 2019-05-31 00:26:31 -0400
Processing by AuthenticationController#login as HTML
  Parameters: {"username"=>"Fahad OG", "password"=>"[FILTERED]", "authentication"=>{"username"=>"Fahad OG", "password"=>"[FILTERED]"}}
  [1m[36mUser Load (0.7ms)[0m  [1m[34mSELECT  "users".* FROM "users" WHERE "users"."username" = $1 LIMIT $2[0m  [["username", "Fahad OG"], ["LIMIT", 1]]
  ↳ app/controllers/authentication_controller.rb:5
Completed 200 OK in 109ms (Views: 0.3ms | ActiveRecord: 0.7ms)


Started POST "/auth/login" for ::1 at 2019-05-31 00:27:16 -0400
Processing by AuthenticationController#login as HTML
  Parameters: {"username"=>"Samanduyev", "password"=>"[FILTERED]", "authentication"=>{"username"=>"Samanduyev", "password"=>"[FILTERED]"}}
  [1m[36mUser Load (0.8ms)[0m  [1m[34mSELECT  "users".* FROM "users" WHERE "users"."username" = $1 LIMIT $2[0m  [["username", "Samanduyev"], ["LIMIT", 1]]
  ↳ app/controllers/authentication_controller.rb:5
Completed 200 OK in 78ms (Views: 0.1ms | ActiveRecord: 0.8ms)


Started POST "/auth/login" for ::1 at 2019-05-31 00:27:50 -0400
Processing by AuthenticationController#login as HTML
  Parameters: {"username"=>"Samanduyev", "password"=>"[FILTERED]", "authentication"=>{"username"=>"Samanduyev", "password"=>"[FILTERED]"}}
  [1m[36mUser Load (0.4ms)[0m  [1m[34mSELECT  "users".* FROM "users" WHERE "users"."username" = $1 LIMIT $2[0m  [["username", "Samanduyev"], ["LIMIT", 1]]
  ↳ app/controllers/authentication_controller.rb:5
Completed 200 OK in 74ms (Views: 0.1ms | ActiveRecord: 0.4ms)


Started OPTIONS "/auth/login" for ::1 at 2019-05-31 01:13:25 -0400
Started POST "/auth/login" for ::1 at 2019-05-31 01:13:25 -0400
Processing by AuthenticationController#login as HTML
  Parameters: {"username"=>"Samanduyev", "password"=>"[FILTERED]", "authentication"=>{"username"=>"Samanduyev", "password"=>"[FILTERED]"}}
  [1m[36mUser Load (0.8ms)[0m  [1m[34mSELECT  "users".* FROM "users" WHERE "users"."username" = $1 LIMIT $2[0m  [["username", "Samanduyev"], ["LIMIT", 1]]
  ↳ app/controllers/authentication_controller.rb:5
Completed 200 OK in 83ms (Views: 0.5ms | ActiveRecord: 1.3ms)


Started POST "/auth/login" for ::1 at 2019-05-31 01:18:31 -0400
Processing by AuthenticationController#login as HTML
  Parameters: {"username"=>"Samanduyev", "password"=>"[FILTERED]", "authentication"=>{"username"=>"Samanduyev", "password"=>"[FILTERED]"}}
  [1m[36mUser Load (0.4ms)[0m  [1m[34mSELECT  "users".* FROM "users" WHERE "users"."username" = $1 LIMIT $2[0m  [["username", "Samanduyev"], ["LIMIT", 1]]
  ↳ app/controllers/authentication_controller.rb:5
Completed 200 OK in 74ms (Views: 0.2ms | ActiveRecord: 0.4ms)


Started POST "/auth/login" for ::1 at 2019-05-31 01:20:32 -0400
Processing by AuthenticationController#login as HTML
  Parameters: {"username"=>"Samanduyev", "password"=>"[FILTERED]", "authentication"=>{"username"=>"Samanduyev", "password"=>"[FILTERED]"}}
  [1m[36mUser Load (0.4ms)[0m  [1m[34mSELECT  "users".* FROM "users" WHERE "users"."username" = $1 LIMIT $2[0m  [["username", "Samanduyev"], ["LIMIT", 1]]
  ↳ app/controllers/authentication_controller.rb:5
Completed 200 OK in 73ms (Views: 0.2ms | ActiveRecord: 0.4ms)


Started POST "/auth/login" for ::1 at 2019-05-31 01:21:22 -0400
Processing by AuthenticationController#login as HTML
  Parameters: {"username"=>"Samanduyev", "password"=>"[FILTERED]", "authentication"=>{"username"=>"Samanduyev", "password"=>"[FILTERED]"}}
  [1m[36mUser Load (0.7ms)[0m  [1m[34mSELECT  "users".* FROM "users" WHERE "users"."username" = $1 LIMIT $2[0m  [["username", "Samanduyev"], ["LIMIT", 1]]
  ↳ app/controllers/authentication_controller.rb:5
Completed 200 OK in 75ms (Views: 0.2ms | ActiveRecord: 0.7ms)


Started OPTIONS "/auth/login" for ::1 at 2019-05-31 01:25:41 -0400
Started POST "/auth/login" for ::1 at 2019-05-31 01:25:41 -0400
Processing by AuthenticationController#login as HTML
  Parameters: {"username"=>"sdfdsf", "password"=>"[FILTERED]", "authentication"=>{"username"=>"sdfdsf", "password"=>"[FILTERED]"}}
  [1m[36mUser Load (0.4ms)[0m  [1m[34mSELECT  "users".* FROM "users" WHERE "users"."username" = $1 LIMIT $2[0m  [["username", "sdfdsf"], ["LIMIT", 1]]
  ↳ app/controllers/authentication_controller.rb:5
Completed 500 Internal Server Error in 4ms (ActiveRecord: 0.4ms)


  
NoMethodError (undefined method `authenticate' for nil:NilClass):
  
app/controllers/authentication_controller.rb:6:in `login'
Started POST "/auth/login" for ::1 at 2019-05-31 01:25:53 -0400
Processing by AuthenticationController#login as HTML
  Parameters: {"username"=>"Samanduyev", "password"=>"[FILTERED]", "authentication"=>{"username"=>"Samanduyev", "password"=>"[FILTERED]"}}
  [1m[36mUser Load (0.5ms)[0m  [1m[34mSELECT  "users".* FROM "users" WHERE "users"."username" = $1 LIMIT $2[0m  [["username", "Samanduyev"], ["LIMIT", 1]]
  ↳ app/controllers/authentication_controller.rb:5
Completed 200 OK in 74ms (Views: 0.1ms | ActiveRecord: 0.5ms)


Started POST "/auth/login" for ::1 at 2019-05-31 01:26:01 -0400
Processing by AuthenticationController#login as HTML
  Parameters: {"username"=>"Samanduyev", "password"=>"[FILTERED]", "authentication"=>{"username"=>"Samanduyev", "password"=>"[FILTERED]"}}
  [1m[36mUser Load (0.3ms)[0m  [1m[34mSELECT  "users".* FROM "users" WHERE "users"."username" = $1 LIMIT $2[0m  [["username", "Samanduyev"], ["LIMIT", 1]]
  ↳ app/controllers/authentication_controller.rb:5
Completed 200 OK in 73ms (Views: 0.2ms | ActiveRecord: 0.3ms)


Started POST "/auth/login" for ::1 at 2019-05-31 01:26:23 -0400
Processing by AuthenticationController#login as HTML
  Parameters: {"username"=>"Samanduyev", "password"=>"[FILTERED]", "authentication"=>{"username"=>"Samanduyev", "password"=>"[FILTERED]"}}
  [1m[36mUser Load (0.6ms)[0m  [1m[34mSELECT  "users".* FROM "users" WHERE "users"."username" = $1 LIMIT $2[0m  [["username", "Samanduyev"], ["LIMIT", 1]]
  ↳ app/controllers/authentication_controller.rb:5
Completed 200 OK in 74ms (Views: 0.1ms | ActiveRecord: 0.6ms)


Started POST "/auth/login" for ::1 at 2019-05-31 01:26:37 -0400
Processing by AuthenticationController#login as HTML
  Parameters: {"username"=>"Fahad OG", "password"=>"[FILTERED]", "authentication"=>{"username"=>"Fahad OG", "password"=>"[FILTERED]"}}
  [1m[36mUser Load (0.3ms)[0m  [1m[34mSELECT  "users".* FROM "users" WHERE "users"."username" = $1 LIMIT $2[0m  [["username", "Fahad OG"], ["LIMIT", 1]]
  ↳ app/controllers/authentication_controller.rb:5
Completed 401 Unauthorized in 73ms (Views: 0.2ms | ActiveRecord: 0.3ms)


Started POST "/auth/login" for ::1 at 2019-05-31 01:26:39 -0400
Processing by AuthenticationController#login as HTML
  Parameters: {"username"=>"Fahad OG", "password"=>"[FILTERED]", "authentication"=>{"username"=>"Fahad OG", "password"=>"[FILTERED]"}}
  [1m[36mUser Load (0.3ms)[0m  [1m[34mSELECT  "users".* FROM "users" WHERE "users"."username" = $1 LIMIT $2[0m  [["username", "Fahad OG"], ["LIMIT", 1]]
  ↳ app/controllers/authentication_controller.rb:5
Completed 401 Unauthorized in 75ms (Views: 0.2ms | ActiveRecord: 0.3ms)


Started POST "/auth/login" for ::1 at 2019-05-31 01:26:39 -0400
Processing by AuthenticationController#login as HTML
  Parameters: {"username"=>"Fahad OG", "password"=>"[FILTERED]", "authentication"=>{"username"=>"Fahad OG", "password"=>"[FILTERED]"}}
  [1m[36mUser Load (0.3ms)[0m  [1m[34mSELECT  "users".* FROM "users" WHERE "users"."username" = $1 LIMIT $2[0m  [["username", "Fahad OG"], ["LIMIT", 1]]
  ↳ app/controllers/authentication_controller.rb:5
Completed 401 Unauthorized in 73ms (Views: 0.2ms | ActiveRecord: 0.3ms)


Started POST "/auth/login" for ::1 at 2019-05-31 01:26:42 -0400
Processing by AuthenticationController#login as HTML
  Parameters: {"username"=>"Fahad OG", "password"=>"[FILTERED]", "authentication"=>{"username"=>"Fahad OG", "password"=>"[FILTERED]"}}
  [1m[36mUser Load (0.5ms)[0m  [1m[34mSELECT  "users".* FROM "users" WHERE "users"."username" = $1 LIMIT $2[0m  [["username", "Fahad OG"], ["LIMIT", 1]]
  ↳ app/controllers/authentication_controller.rb:5
Completed 401 Unauthorized in 73ms (Views: 0.2ms | ActiveRecord: 0.5ms)


Started POST "/auth/login" for ::1 at 2019-05-31 01:28:42 -0400
Processing by AuthenticationController#login as HTML
  Parameters: {"username"=>"Samanduyev", "password"=>"[FILTERED]", "authentication"=>{"username"=>"Samanduyev", "password"=>"[FILTERED]"}}
  [1m[36mUser Load (0.4ms)[0m  [1m[34mSELECT  "users".* FROM "users" WHERE "users"."username" = $1 LIMIT $2[0m  [["username", "Samanduyev"], ["LIMIT", 1]]
  ↳ app/controllers/authentication_controller.rb:5
Completed 401 Unauthorized in 73ms (Views: 0.1ms | ActiveRecord: 0.4ms)


Started POST "/auth/login" for ::1 at 2019-05-31 01:28:45 -0400
Processing by AuthenticationController#login as HTML
  Parameters: {"username"=>"Samanduyev", "password"=>"[FILTERED]", "authentication"=>{"username"=>"Samanduyev", "password"=>"[FILTERED]"}}
  [1m[36mUser Load (0.4ms)[0m  [1m[34mSELECT  "users".* FROM "users" WHERE "users"."username" = $1 LIMIT $2[0m  [["username", "Samanduyev"], ["LIMIT", 1]]
  ↳ app/controllers/authentication_controller.rb:5
Completed 401 Unauthorized in 73ms (Views: 0.2ms | ActiveRecord: 0.4ms)


Started POST "/auth/login" for ::1 at 2019-05-31 01:29:06 -0400
Processing by AuthenticationController#login as HTML
  Parameters: {"username"=>"sdfsdf", "password"=>"[FILTERED]", "authentication"=>{"username"=>"sdfsdf", "password"=>"[FILTERED]"}}
  [1m[36mUser Load (3.2ms)[0m  [1m[34mSELECT  "users".* FROM "users" WHERE "users"."username" = $1 LIMIT $2[0m  [["username", "sdfsdf"], ["LIMIT", 1]]
  ↳ app/controllers/authentication_controller.rb:5
Completed 500 Internal Server Error in 6ms (ActiveRecord: 3.2ms)


  
NoMethodError (undefined method `authenticate' for nil:NilClass):
  
app/controllers/authentication_controller.rb:6:in `login'
Started POST "/auth/login" for ::1 at 2019-05-31 01:29:29 -0400
Processing by AuthenticationController#login as HTML
  Parameters: {"username"=>"Samanduyev", "password"=>"[FILTERED]", "authentication"=>{"username"=>"Samanduyev", "password"=>"[FILTERED]"}}
  [1m[36mUser Load (0.3ms)[0m  [1m[34mSELECT  "users".* FROM "users" WHERE "users"."username" = $1 LIMIT $2[0m  [["username", "Samanduyev"], ["LIMIT", 1]]
  ↳ app/controllers/authentication_controller.rb:5
Completed 401 Unauthorized in 74ms (Views: 0.2ms | ActiveRecord: 0.3ms)


Started POST "/auth/login" for ::1 at 2019-05-31 01:29:31 -0400
Processing by AuthenticationController#login as HTML
  Parameters: {"username"=>"Samanduyev", "password"=>"[FILTERED]", "authentication"=>{"username"=>"Samanduyev", "password"=>"[FILTERED]"}}
  [1m[36mUser Load (0.3ms)[0m  [1m[34mSELECT  "users".* FROM "users" WHERE "users"."username" = $1 LIMIT $2[0m  [["username", "Samanduyev"], ["LIMIT", 1]]
  ↳ app/controllers/authentication_controller.rb:5
Completed 401 Unauthorized in 75ms (Views: 0.2ms | ActiveRecord: 0.3ms)


Started POST "/auth/login" for ::1 at 2019-05-31 01:29:39 -0400
Processing by AuthenticationController#login as HTML
  Parameters: {"username"=>"Samanduyev", "password"=>"[FILTERED]", "authentication"=>{"username"=>"Samanduyev", "password"=>"[FILTERED]"}}
  [1m[36mUser Load (0.3ms)[0m  [1m[34mSELECT  "users".* FROM "users" WHERE "users"."username" = $1 LIMIT $2[0m  [["username", "Samanduyev"], ["LIMIT", 1]]
  ↳ app/controllers/authentication_controller.rb:5
Completed 200 OK in 75ms (Views: 0.2ms | ActiveRecord: 0.3ms)


Started POST "/auth/login" for ::1 at 2019-05-31 01:30:10 -0400
Processing by AuthenticationController#login as HTML
  Parameters: {"username"=>"Samanduyev", "password"=>"[FILTERED]", "authentication"=>{"username"=>"Samanduyev", "password"=>"[FILTERED]"}}
  [1m[36mUser Load (0.3ms)[0m  [1m[34mSELECT  "users".* FROM "users" WHERE "users"."username" = $1 LIMIT $2[0m  [["username", "Samanduyev"], ["LIMIT", 1]]
  ↳ app/controllers/authentication_controller.rb:5
Completed 200 OK in 80ms (Views: 0.2ms | ActiveRecord: 0.3ms)


Started POST "/auth/login" for ::1 at 2019-05-31 01:30:39 -0400
Processing by AuthenticationController#login as HTML
  Parameters: {"username"=>"Samanduyev", "password"=>"[FILTERED]", "authentication"=>{"username"=>"Samanduyev", "password"=>"[FILTERED]"}}
  [1m[36mUser Load (0.3ms)[0m  [1m[34mSELECT  "users".* FROM "users" WHERE "users"."username" = $1 LIMIT $2[0m  [["username", "Samanduyev"], ["LIMIT", 1]]
  ↳ app/controllers/authentication_controller.rb:5
Completed 200 OK in 73ms (Views: 0.2ms | ActiveRecord: 0.3ms)


Started POST "/auth/login" for ::1 at 2019-05-31 01:31:48 -0400
Processing by AuthenticationController#login as HTML
  Parameters: {"username"=>"Samanduyev", "password"=>"[FILTERED]", "authentication"=>{"username"=>"Samanduyev", "password"=>"[FILTERED]"}}
  [1m[36mUser Load (0.3ms)[0m  [1m[34mSELECT  "users".* FROM "users" WHERE "users"."username" = $1 LIMIT $2[0m  [["username", "Samanduyev"], ["LIMIT", 1]]
  ↳ app/controllers/authentication_controller.rb:5
Completed 200 OK in 73ms (Views: 0.1ms | ActiveRecord: 0.3ms)


Started POST "/auth/login" for ::1 at 2019-05-31 01:32:34 -0400
Processing by AuthenticationController#login as HTML
  Parameters: {"username"=>"Fahad OG", "password"=>"[FILTERED]", "authentication"=>{"username"=>"Fahad OG", "password"=>"[FILTERED]"}}
  [1m[36mUser Load (0.3ms)[0m  [1m[34mSELECT  "users".* FROM "users" WHERE "users"."username" = $1 LIMIT $2[0m  [["username", "Fahad OG"], ["LIMIT", 1]]
  ↳ app/controllers/authentication_controller.rb:5
Completed 401 Unauthorized in 76ms (Views: 0.1ms | ActiveRecord: 0.3ms)


Started POST "/auth/login" for ::1 at 2019-05-31 01:32:41 -0400
Processing by AuthenticationController#login as HTML
  Parameters: {"username"=>"Fahad OG", "password"=>"[FILTERED]", "authentication"=>{"username"=>"Fahad OG", "password"=>"[FILTERED]"}}
  [1m[36mUser Load (0.3ms)[0m  [1m[34mSELECT  "users".* FROM "users" WHERE "users"."username" = $1 LIMIT $2[0m  [["username", "Fahad OG"], ["LIMIT", 1]]
  ↳ app/controllers/authentication_controller.rb:5
Completed 401 Unauthorized in 78ms (Views: 0.2ms | ActiveRecord: 0.3ms)


Started POST "/auth/login" for ::1 at 2019-05-31 01:32:47 -0400
Processing by AuthenticationController#login as HTML
  Parameters: {"username"=>"wrwrw", "password"=>"[FILTERED]", "authentication"=>{"username"=>"wrwrw", "password"=>"[FILTERED]"}}
  [1m[36mUser Load (0.3ms)[0m  [1m[34mSELECT  "users".* FROM "users" WHERE "users"."username" = $1 LIMIT $2[0m  [["username", "wrwrw"], ["LIMIT", 1]]
  ↳ app/controllers/authentication_controller.rb:5
Completed 500 Internal Server Error in 3ms (ActiveRecord: 0.3ms)


  
NoMethodError (undefined method `authenticate' for nil:NilClass):
  
app/controllers/authentication_controller.rb:6:in `login'
Started POST "/auth/login" for ::1 at 2019-05-31 01:32:51 -0400
Processing by AuthenticationController#login as HTML
  Parameters: {"username"=>"wrwrwe", "password"=>"[FILTERED]", "authentication"=>{"username"=>"wrwrwe", "password"=>"[FILTERED]"}}
  [1m[36mUser Load (0.3ms)[0m  [1m[34mSELECT  "users".* FROM "users" WHERE "users"."username" = $1 LIMIT $2[0m  [["username", "wrwrwe"], ["LIMIT", 1]]
  ↳ app/controllers/authentication_controller.rb:5
Completed 500 Internal Server Error in 3ms (ActiveRecord: 0.3ms)


  
NoMethodError (undefined method `authenticate' for nil:NilClass):
  
app/controllers/authentication_controller.rb:6:in `login'
Started POST "/auth/login" for ::1 at 2019-05-31 01:33:24 -0400
Processing by AuthenticationController#login as HTML
  Parameters: {"username"=>"dfgdfgdg", "password"=>"[FILTERED]", "authentication"=>{"username"=>"dfgdfgdg", "password"=>"[FILTERED]"}}
  [1m[36mUser Load (0.3ms)[0m  [1m[34mSELECT  "users".* FROM "users" WHERE "users"."username" = $1 LIMIT $2[0m  [["username", "dfgdfgdg"], ["LIMIT", 1]]
  ↳ app/controllers/authentication_controller.rb:5
Completed 500 Internal Server Error in 3ms (ActiveRecord: 0.3ms)


  
NoMethodError (undefined method `authenticate' for nil:NilClass):
  
app/controllers/authentication_controller.rb:6:in `login'
Started POST "/auth/login" for ::1 at 2019-05-31 01:33:33 -0400
Processing by AuthenticationController#login as HTML
  Parameters: {"username"=>"Samanduyev", "password"=>"[FILTERED]", "authentication"=>{"username"=>"Samanduyev", "password"=>"[FILTERED]"}}
  [1m[36mUser Load (0.3ms)[0m  [1m[34mSELECT  "users".* FROM "users" WHERE "users"."username" = $1 LIMIT $2[0m  [["username", "Samanduyev"], ["LIMIT", 1]]
  ↳ app/controllers/authentication_controller.rb:5
Completed 401 Unauthorized in 73ms (Views: 0.2ms | ActiveRecord: 0.3ms)


Started POST "/auth/login" for ::1 at 2019-05-31 01:34:12 -0400
Processing by AuthenticationController#login as HTML
  Parameters: {"username"=>"Samanduyev", "password"=>"[FILTERED]", "authentication"=>{"username"=>"Samanduyev", "password"=>"[FILTERED]"}}
  [1m[36mUser Load (0.3ms)[0m  [1m[34mSELECT  "users".* FROM "users" WHERE "users"."username" = $1 LIMIT $2[0m  [["username", "Samanduyev"], ["LIMIT", 1]]
  ↳ app/controllers/authentication_controller.rb:5
Completed 401 Unauthorized in 75ms (Views: 0.2ms | ActiveRecord: 0.3ms)


Started POST "/auth/login" for ::1 at 2019-05-31 01:34:38 -0400
Processing by AuthenticationController#login as HTML
  Parameters: {"username"=>"Samanduyev", "password"=>"[FILTERED]", "authentication"=>{"username"=>"Samanduyev", "password"=>"[FILTERED]"}}
  [1m[36mUser Load (0.2ms)[0m  [1m[34mSELECT  "users".* FROM "users" WHERE "users"."username" = $1 LIMIT $2[0m  [["username", "Samanduyev"], ["LIMIT", 1]]
  ↳ app/controllers/authentication_controller.rb:5
Completed 200 OK in 73ms (Views: 0.2ms | ActiveRecord: 0.2ms)


Started GET "/" for ::1 at 2019-05-31 09:08:11 -0400
Processing by Rails::WelcomeController#index as HTML
  Rendering /Users/student_139/.rbenv/versions/2.6.3/lib/ruby/gems/2.6.0/gems/railties-5.2.3/lib/rails/templates/rails/welcome/index.html.erb
  Rendered /Users/student_139/.rbenv/versions/2.6.3/lib/ruby/gems/2.6.0/gems/railties-5.2.3/lib/rails/templates/rails/welcome/index.html.erb (5.4ms)
Completed 200 OK in 21ms (Views: 12.0ms | ActiveRecord: 0.0ms)


Started OPTIONS "/auth/login" for ::1 at 2019-05-31 09:08:32 -0400
Started POST "/auth/login" for ::1 at 2019-05-31 09:08:32 -0400
Processing by AuthenticationController#login as HTML
  Parameters: {"username"=>"Samanduyev", "password"=>"[FILTERED]", "authentication"=>{"username"=>"Samanduyev", "password"=>"[FILTERED]"}}
  [1m[36mUser Load (0.7ms)[0m  [1m[34mSELECT  "users".* FROM "users" WHERE "users"."username" = $1 LIMIT $2[0m  [["username", "Samanduyev"], ["LIMIT", 1]]
  ↳ app/controllers/authentication_controller.rb:5
Completed 401 Unauthorized in 81ms (Views: 0.5ms | ActiveRecord: 1.1ms)


Started POST "/auth/login" for ::1 at 2019-05-31 09:08:35 -0400
Processing by AuthenticationController#login as HTML
  Parameters: {"username"=>"Samanduyev", "password"=>"[FILTERED]", "authentication"=>{"username"=>"Samanduyev", "password"=>"[FILTERED]"}}
  [1m[36mUser Load (0.4ms)[0m  [1m[34mSELECT  "users".* FROM "users" WHERE "users"."username" = $1 LIMIT $2[0m  [["username", "Samanduyev"], ["LIMIT", 1]]
  ↳ app/controllers/authentication_controller.rb:5
Completed 401 Unauthorized in 74ms (Views: 0.2ms | ActiveRecord: 0.4ms)


Started POST "/auth/login" for ::1 at 2019-05-31 09:08:40 -0400
Processing by AuthenticationController#login as HTML
  Parameters: {"username"=>"Samanduyev", "password"=>"[FILTERED]", "authentication"=>{"username"=>"Samanduyev", "password"=>"[FILTERED]"}}
  [1m[36mUser Load (0.6ms)[0m  [1m[34mSELECT  "users".* FROM "users" WHERE "users"."username" = $1 LIMIT $2[0m  [["username", "Samanduyev"], ["LIMIT", 1]]
  ↳ app/controllers/authentication_controller.rb:5
Completed 200 OK in 129ms (Views: 0.2ms | ActiveRecord: 0.6ms)


Started GET "/subscriptions" for ::1 at 2019-05-31 14:31:54 -0400
  
ActionController::RoutingError (No route matches [GET] "/subscriptions"):
  
actionpack (5.2.3) lib/action_dispatch/middleware/debug_exceptions.rb:65:in `call'
actionpack (5.2.3) lib/action_dispatch/middleware/show_exceptions.rb:33:in `call'
railties (5.2.3) lib/rails/rack/logger.rb:38:in `call_app'
railties (5.2.3) lib/rails/rack/logger.rb:26:in `block in call'
activesupport (5.2.3) lib/active_support/tagged_logging.rb:71:in `block in tagged'
activesupport (5.2.3) lib/active_support/tagged_logging.rb:28:in `tagged'
activesupport (5.2.3) lib/active_support/tagged_logging.rb:71:in `tagged'
railties (5.2.3) lib/rails/rack/logger.rb:26:in `call'
actionpack (5.2.3) lib/action_dispatch/middleware/remote_ip.rb:81:in `call'
actionpack (5.2.3) lib/action_dispatch/middleware/request_id.rb:27:in `call'
rack (2.0.7) lib/rack/runtime.rb:22:in `call'
activesupport (5.2.3) lib/active_support/cache/strategy/local_cache_middleware.rb:29:in `call'
actionpack (5.2.3) lib/action_dispatch/middleware/executor.rb:14:in `call'
actionpack (5.2.3) lib/action_dispatch/middleware/static.rb:127:in `call'
rack (2.0.7) lib/rack/sendfile.rb:111:in `call'
railties (5.2.3) lib/rails/engine.rb:524:in `call'
puma (3.12.1) lib/puma/configuration.rb:227:in `call'
puma (3.12.1) lib/puma/server.rb:660:in `handle_request'
puma (3.12.1) lib/puma/server.rb:474:in `process_client'
puma (3.12.1) lib/puma/server.rb:334:in `block in run'
puma (3.12.1) lib/puma/thread_pool.rb:135:in `block in spawn_thread'
Started GET "/subscriptions" for ::1 at 2019-05-31 14:32:12 -0400
  
ActionController::RoutingError (No route matches [GET] "/subscriptions"):
  
actionpack (5.2.3) lib/action_dispatch/middleware/debug_exceptions.rb:65:in `call'
actionpack (5.2.3) lib/action_dispatch/middleware/show_exceptions.rb:33:in `call'
railties (5.2.3) lib/rails/rack/logger.rb:38:in `call_app'
railties (5.2.3) lib/rails/rack/logger.rb:26:in `block in call'
activesupport (5.2.3) lib/active_support/tagged_logging.rb:71:in `block in tagged'
activesupport (5.2.3) lib/active_support/tagged_logging.rb:28:in `tagged'
activesupport (5.2.3) lib/active_support/tagged_logging.rb:71:in `tagged'
railties (5.2.3) lib/rails/rack/logger.rb:26:in `call'
actionpack (5.2.3) lib/action_dispatch/middleware/remote_ip.rb:81:in `call'
actionpack (5.2.3) lib/action_dispatch/middleware/request_id.rb:27:in `call'
rack (2.0.7) lib/rack/runtime.rb:22:in `call'
activesupport (5.2.3) lib/active_support/cache/strategy/local_cache_middleware.rb:29:in `call'
actionpack (5.2.3) lib/action_dispatch/middleware/executor.rb:14:in `call'
actionpack (5.2.3) lib/action_dispatch/middleware/static.rb:127:in `call'
rack (2.0.7) lib/rack/sendfile.rb:111:in `call'
railties (5.2.3) lib/rails/engine.rb:524:in `call'
puma (3.12.1) lib/puma/configuration.rb:227:in `call'
puma (3.12.1) lib/puma/server.rb:660:in `handle_request'
puma (3.12.1) lib/puma/server.rb:474:in `process_client'
puma (3.12.1) lib/puma/server.rb:334:in `block in run'
puma (3.12.1) lib/puma/thread_pool.rb:135:in `block in spawn_thread'
Started GET "/subscriptions" for ::1 at 2019-05-31 14:32:18 -0400
  
ActionController::RoutingError (No route matches [GET] "/subscriptions"):
  
actionpack (5.2.3) lib/action_dispatch/middleware/debug_exceptions.rb:65:in `call'
actionpack (5.2.3) lib/action_dispatch/middleware/show_exceptions.rb:33:in `call'
railties (5.2.3) lib/rails/rack/logger.rb:38:in `call_app'
railties (5.2.3) lib/rails/rack/logger.rb:26:in `block in call'
activesupport (5.2.3) lib/active_support/tagged_logging.rb:71:in `block in tagged'
activesupport (5.2.3) lib/active_support/tagged_logging.rb:28:in `tagged'
activesupport (5.2.3) lib/active_support/tagged_logging.rb:71:in `tagged'
railties (5.2.3) lib/rails/rack/logger.rb:26:in `call'
actionpack (5.2.3) lib/action_dispatch/middleware/remote_ip.rb:81:in `call'
actionpack (5.2.3) lib/action_dispatch/middleware/request_id.rb:27:in `call'
rack (2.0.7) lib/rack/runtime.rb:22:in `call'
activesupport (5.2.3) lib/active_support/cache/strategy/local_cache_middleware.rb:29:in `call'
actionpack (5.2.3) lib/action_dispatch/middleware/executor.rb:14:in `call'
actionpack (5.2.3) lib/action_dispatch/middleware/static.rb:127:in `call'
rack (2.0.7) lib/rack/sendfile.rb:111:in `call'
railties (5.2.3) lib/rails/engine.rb:524:in `call'
puma (3.12.1) lib/puma/configuration.rb:227:in `call'
puma (3.12.1) lib/puma/server.rb:660:in `handle_request'
puma (3.12.1) lib/puma/server.rb:474:in `process_client'
puma (3.12.1) lib/puma/server.rb:334:in `block in run'
puma (3.12.1) lib/puma/thread_pool.rb:135:in `block in spawn_thread'
Started GET "/subscriptions" for ::1 at 2019-05-31 14:32:26 -0400
  
ActionController::RoutingError (No route matches [GET] "/subscriptions"):
  
actionpack (5.2.3) lib/action_dispatch/middleware/debug_exceptions.rb:65:in `call'
actionpack (5.2.3) lib/action_dispatch/middleware/show_exceptions.rb:33:in `call'
railties (5.2.3) lib/rails/rack/logger.rb:38:in `call_app'
railties (5.2.3) lib/rails/rack/logger.rb:26:in `block in call'
activesupport (5.2.3) lib/active_support/tagged_logging.rb:71:in `block in tagged'
activesupport (5.2.3) lib/active_support/tagged_logging.rb:28:in `tagged'
activesupport (5.2.3) lib/active_support/tagged_logging.rb:71:in `tagged'
railties (5.2.3) lib/rails/rack/logger.rb:26:in `call'
actionpack (5.2.3) lib/action_dispatch/middleware/remote_ip.rb:81:in `call'
actionpack (5.2.3) lib/action_dispatch/middleware/request_id.rb:27:in `call'
rack (2.0.7) lib/rack/runtime.rb:22:in `call'
activesupport (5.2.3) lib/active_support/cache/strategy/local_cache_middleware.rb:29:in `call'
actionpack (5.2.3) lib/action_dispatch/middleware/executor.rb:14:in `call'
actionpack (5.2.3) lib/action_dispatch/middleware/static.rb:127:in `call'
rack (2.0.7) lib/rack/sendfile.rb:111:in `call'
railties (5.2.3) lib/rails/engine.rb:524:in `call'
puma (3.12.1) lib/puma/configuration.rb:227:in `call'
puma (3.12.1) lib/puma/server.rb:660:in `handle_request'
puma (3.12.1) lib/puma/server.rb:474:in `process_client'
puma (3.12.1) lib/puma/server.rb:334:in `block in run'
puma (3.12.1) lib/puma/thread_pool.rb:135:in `block in spawn_thread'
Started GET "/subscriptions" for ::1 at 2019-05-31 14:32:56 -0400
  
ActionController::RoutingError (No route matches [GET] "/subscriptions"):
  
actionpack (5.2.3) lib/action_dispatch/middleware/debug_exceptions.rb:65:in `call'
actionpack (5.2.3) lib/action_dispatch/middleware/show_exceptions.rb:33:in `call'
railties (5.2.3) lib/rails/rack/logger.rb:38:in `call_app'
railties (5.2.3) lib/rails/rack/logger.rb:26:in `block in call'
activesupport (5.2.3) lib/active_support/tagged_logging.rb:71:in `block in tagged'
activesupport (5.2.3) lib/active_support/tagged_logging.rb:28:in `tagged'
activesupport (5.2.3) lib/active_support/tagged_logging.rb:71:in `tagged'
railties (5.2.3) lib/rails/rack/logger.rb:26:in `call'
actionpack (5.2.3) lib/action_dispatch/middleware/remote_ip.rb:81:in `call'
actionpack (5.2.3) lib/action_dispatch/middleware/request_id.rb:27:in `call'
rack (2.0.7) lib/rack/runtime.rb:22:in `call'
activesupport (5.2.3) lib/active_support/cache/strategy/local_cache_middleware.rb:29:in `call'
actionpack (5.2.3) lib/action_dispatch/middleware/executor.rb:14:in `call'
actionpack (5.2.3) lib/action_dispatch/middleware/static.rb:127:in `call'
rack (2.0.7) lib/rack/sendfile.rb:111:in `call'
railties (5.2.3) lib/rails/engine.rb:524:in `call'
puma (3.12.1) lib/puma/configuration.rb:227:in `call'
puma (3.12.1) lib/puma/server.rb:660:in `handle_request'
puma (3.12.1) lib/puma/server.rb:474:in `process_client'
puma (3.12.1) lib/puma/server.rb:334:in `block in run'
puma (3.12.1) lib/puma/thread_pool.rb:135:in `block in spawn_thread'
Started GET "/subscriptions" for ::1 at 2019-05-31 14:33:19 -0400
  
ActionController::RoutingError (No route matches [GET] "/subscriptions"):
  
actionpack (5.2.3) lib/action_dispatch/middleware/debug_exceptions.rb:65:in `call'
actionpack (5.2.3) lib/action_dispatch/middleware/show_exceptions.rb:33:in `call'
railties (5.2.3) lib/rails/rack/logger.rb:38:in `call_app'
railties (5.2.3) lib/rails/rack/logger.rb:26:in `block in call'
activesupport (5.2.3) lib/active_support/tagged_logging.rb:71:in `block in tagged'
activesupport (5.2.3) lib/active_support/tagged_logging.rb:28:in `tagged'
activesupport (5.2.3) lib/active_support/tagged_logging.rb:71:in `tagged'
railties (5.2.3) lib/rails/rack/logger.rb:26:in `call'
actionpack (5.2.3) lib/action_dispatch/middleware/remote_ip.rb:81:in `call'
actionpack (5.2.3) lib/action_dispatch/middleware/request_id.rb:27:in `call'
rack (2.0.7) lib/rack/runtime.rb:22:in `call'
activesupport (5.2.3) lib/active_support/cache/strategy/local_cache_middleware.rb:29:in `call'
actionpack (5.2.3) lib/action_dispatch/middleware/executor.rb:14:in `call'
actionpack (5.2.3) lib/action_dispatch/middleware/static.rb:127:in `call'
rack (2.0.7) lib/rack/sendfile.rb:111:in `call'
railties (5.2.3) lib/rails/engine.rb:524:in `call'
puma (3.12.1) lib/puma/configuration.rb:227:in `call'
puma (3.12.1) lib/puma/server.rb:660:in `handle_request'
puma (3.12.1) lib/puma/server.rb:474:in `process_client'
puma (3.12.1) lib/puma/server.rb:334:in `block in run'
puma (3.12.1) lib/puma/thread_pool.rb:135:in `block in spawn_thread'
Started GET "/subscriptions" for ::1 at 2019-05-31 14:33:36 -0400
  
ActionController::RoutingError (No route matches [GET] "/subscriptions"):
  
actionpack (5.2.3) lib/action_dispatch/middleware/debug_exceptions.rb:65:in `call'
actionpack (5.2.3) lib/action_dispatch/middleware/show_exceptions.rb:33:in `call'
railties (5.2.3) lib/rails/rack/logger.rb:38:in `call_app'
railties (5.2.3) lib/rails/rack/logger.rb:26:in `block in call'
activesupport (5.2.3) lib/active_support/tagged_logging.rb:71:in `block in tagged'
activesupport (5.2.3) lib/active_support/tagged_logging.rb:28:in `tagged'
activesupport (5.2.3) lib/active_support/tagged_logging.rb:71:in `tagged'
railties (5.2.3) lib/rails/rack/logger.rb:26:in `call'
actionpack (5.2.3) lib/action_dispatch/middleware/remote_ip.rb:81:in `call'
actionpack (5.2.3) lib/action_dispatch/middleware/request_id.rb:27:in `call'
rack (2.0.7) lib/rack/runtime.rb:22:in `call'
activesupport (5.2.3) lib/active_support/cache/strategy/local_cache_middleware.rb:29:in `call'
actionpack (5.2.3) lib/action_dispatch/middleware/executor.rb:14:in `call'
actionpack (5.2.3) lib/action_dispatch/middleware/static.rb:127:in `call'
rack (2.0.7) lib/rack/sendfile.rb:111:in `call'
railties (5.2.3) lib/rails/engine.rb:524:in `call'
puma (3.12.1) lib/puma/configuration.rb:227:in `call'
puma (3.12.1) lib/puma/server.rb:660:in `handle_request'
puma (3.12.1) lib/puma/server.rb:474:in `process_client'
puma (3.12.1) lib/puma/server.rb:334:in `block in run'
puma (3.12.1) lib/puma/thread_pool.rb:135:in `block in spawn_thread'
Started GET "/subscriptions" for ::1 at 2019-05-31 14:33:38 -0400
  
ActionController::RoutingError (No route matches [GET] "/subscriptions"):
  
actionpack (5.2.3) lib/action_dispatch/middleware/debug_exceptions.rb:65:in `call'
actionpack (5.2.3) lib/action_dispatch/middleware/show_exceptions.rb:33:in `call'
railties (5.2.3) lib/rails/rack/logger.rb:38:in `call_app'
railties (5.2.3) lib/rails/rack/logger.rb:26:in `block in call'
activesupport (5.2.3) lib/active_support/tagged_logging.rb:71:in `block in tagged'
activesupport (5.2.3) lib/active_support/tagged_logging.rb:28:in `tagged'
activesupport (5.2.3) lib/active_support/tagged_logging.rb:71:in `tagged'
railties (5.2.3) lib/rails/rack/logger.rb:26:in `call'
actionpack (5.2.3) lib/action_dispatch/middleware/remote_ip.rb:81:in `call'
actionpack (5.2.3) lib/action_dispatch/middleware/request_id.rb:27:in `call'
rack (2.0.7) lib/rack/runtime.rb:22:in `call'
activesupport (5.2.3) lib/active_support/cache/strategy/local_cache_middleware.rb:29:in `call'
actionpack (5.2.3) lib/action_dispatch/middleware/executor.rb:14:in `call'
actionpack (5.2.3) lib/action_dispatch/middleware/static.rb:127:in `call'
rack (2.0.7) lib/rack/sendfile.rb:111:in `call'
railties (5.2.3) lib/rails/engine.rb:524:in `call'
puma (3.12.1) lib/puma/configuration.rb:227:in `call'
puma (3.12.1) lib/puma/server.rb:660:in `handle_request'
puma (3.12.1) lib/puma/server.rb:474:in `process_client'
puma (3.12.1) lib/puma/server.rb:334:in `block in run'
puma (3.12.1) lib/puma/thread_pool.rb:135:in `block in spawn_thread'
